#
# There is insufficient memory for the Java Runtime Environment to continue.
# Native memory allocation (malloc) failed to allocate 1625776 bytes for Chunk::new
# Possible reasons:
#   The system is out of physical RAM or swap space
#   In 32 bit mode, the process size limit was hit
# Possible solutions:
#   Reduce memory load on the system
#   Increase physical memory or swap space
#   Check if swap backing store is full
#   Use 64 bit Java on a 64 bit OS
#   Decrease Java heap size (-Xmx/-Xms)
#   Decrease number of Java threads
#   Decrease Java thread stack sizes (-Xss)
#   Set larger code cache with -XX:ReservedCodeCacheSize=
# This output file may be truncated or incomplete.
#
#  Out of Memory Error (allocation.cpp:323), pid=10360, tid=11472
#
# JRE version: Java(TM) SE Runtime Environment (7.0_71-b14) (build 1.7.0_71-b14)
# Java VM: Java HotSpot(TM) 64-Bit Server VM (24.71-b01 mixed mode windows-amd64 compressed oops)
# Failed to write core dump. Minidumps are not enabled by default on client versions of Windows
#

---------------  T H R E A D  ---------------

Current thread (0x000000000c370800):  JavaThread "C2 CompilerThread0" daemon [_thread_in_native, id=11472, stack(0x000000000c860000,0x000000000c960000)]

Stack: [0x000000000c860000,0x000000000c960000]

Current CompileTask:
C2:  11619  667             java.beans.Introspector::getTargetMethodInfo (255 bytes)


---------------  P R O C E S S  ---------------

Java Threads: ( => current thread )
  0x000000000c4a6800 JavaThread "Monitor Ctrl-Break" daemon [_thread_in_native, id=7788, stack(0x000000000cf60000,0x000000000d060000)]
  0x000000000c376000 JavaThread "Service Thread" daemon [_thread_blocked, id=10364, stack(0x000000000cb20000,0x000000000cc20000)]
  0x000000000c375000 JavaThread "C2 CompilerThread1" daemon [_thread_in_native, id=8160, stack(0x000000000ca10000,0x000000000cb10000)]
=>0x000000000c370800 JavaThread "C2 CompilerThread0" daemon [_thread_in_native, id=11472, stack(0x000000000c860000,0x000000000c960000)]
  0x000000000aeff000 JavaThread "Attach Listener" daemon [_thread_blocked, id=1680, stack(0x000000000c270000,0x000000000c370000)]
  0x000000000aef8000 JavaThread "Signal Dispatcher" daemon [_thread_blocked, id=1844, stack(0x000000000c130000,0x000000000c230000)]
  0x000000000ae8b800 JavaThread "Finalizer" daemon [_thread_blocked, id=5988, stack(0x000000000bdb0000,0x000000000beb0000)]
  0x000000000ae84000 JavaThread "Reference Handler" daemon [_thread_blocked, id=10812, stack(0x000000000bfd0000,0x000000000c0d0000)]
  0x00000000025aa800 JavaThread "main" [_thread_in_Java, id=11600, stack(0x0000000002690000,0x0000000002790000)]

Other Threads:
  0x000000000ae7c800 VMThread [stack: 0x000000000bec0000,0x000000000bfc0000] [id=10556]
  0x000000000c3b1000 WatcherThread [stack: 0x000000000cd70000,0x000000000ce70000] [id=9988]

VM state:not at safepoint (normal execution)

VM Mutex/Monitor currently owned by a thread: None

Heap
 PSYoungGen      total 140288K, used 77389K [0x00000007d5680000, 0x00000007de480000, 0x0000000800000000)
  eden space 135168K, 53% used [0x00000007d5680000,0x00000007d9d167b8,0x00000007dda80000)
  from space 5120K, 99% used [0x00000007ddf80000,0x00000007de47d010,0x00000007de480000)
  to   space 5120K, 0% used [0x00000007dda80000,0x00000007dda80000,0x00000007ddf80000)
 ParOldGen       total 87040K, used 33306K [0x0000000780400000, 0x0000000785900000, 0x00000007d5680000)
  object space 87040K, 38% used [0x0000000780400000,0x0000000782486970,0x0000000785900000)
 PSPermGen       total 35328K, used 35126K [0x000000077b200000, 0x000000077d480000, 0x0000000780400000)
  object space 35328K, 99% used [0x000000077b200000,0x000000077d44d850,0x000000077d480000)

Card table byte_map: [0x0000000005790000,0x0000000005bc0000] byte_map_base: 0x0000000001bb7000

Polling page: 0x00000000004d0000

Code Cache  [0x0000000002790000, 0x0000000002a00000, 0x0000000005790000)
 total_blobs=1038 nmethods=678 adapters=312 free_code_cache=46803Kb largest_free_block=47877376

Compilation events (10 events):
Event: 11.290 Thread 0x000000000c375000 nmethod 709 0x00000000029c83d0 code [0x00000000029c8500, 0x00000000029c8558]
Event: 11.290 Thread 0x000000000c375000  710             org.springframework.beans.factory.support.AbstractBeanDefinition::getFactoryMethodName (5 bytes)
Event: 11.290 Thread 0x000000000c375000 nmethod 710 0x00000000029e4050 code [0x00000000029e4180, 0x00000000029e41f8]
Event: 11.291 Thread 0x000000000c375000  711             java.lang.Class$MethodArray::add (51 bytes)
Event: 11.293 Thread 0x000000000c375000 nmethod 711 0x00000000029e3b10 code [0x00000000029e3c60, 0x00000000029e3ed8]
Event: 11.293 Thread 0x000000000c375000  712             java.lang.Class::privateGetDeclaredMethods (67 bytes)
Event: 11.297 Thread 0x000000000c375000 nmethod 712 0x00000000028a3f50 code [0x00000000028a40e0, 0x00000000028a4330]
Event: 11.297 Thread 0x000000000c375000  713             sun.reflect.DelegatingMethodAccessorImpl::invoke (10 bytes)
Event: 11.298 Thread 0x000000000c375000 nmethod 713 0x00000000029e2490 code [0x00000000029e25e0, 0x00000000029e2678]
Event: 11.298 Thread 0x000000000c375000  714             java.lang.Class::privateGetPublicMethods (247 bytes)

GC Heap History (10 events):
Event: 3.454 GC heap before
{Heap before GC invocations=2 (full 0):
 PSYoungGen      total 38912K, used 38048K [0x00000007d5680000, 0x00000007da280000, 0x0000000800000000)
  eden space 33792K, 100% used [0x00000007d5680000,0x00000007d7780000,0x00000007d7780000)
  from space 5120K, 83% used [0x00000007d7780000,0x00000007d7ba8338,0x00000007d7c80000)
  to   space 5120K, 0% used [0x00000007d9d80000,0x00000007d9d80000,0x00000007da280000)
 ParOldGen       total 87040K, used 0K [0x0000000780400000, 0x0000000785900000, 0x00000007d5680000)
  object space 87040K, 0% used [0x0000000780400000,0x0000000780400000,0x0000000785900000)
 PSPermGen       total 21504K, used 12077K [0x000000077b200000, 0x000000077c700000, 0x0000000780400000)
  object space 21504K, 56% used [0x000000077b200000,0x000000077bdcb738,0x000000077c700000)
Event: 3.466 GC heap after
Heap after GC invocations=2 (full 0):
 PSYoungGen      total 72704K, used 5097K [0x00000007d5680000, 0x00000007da280000, 0x0000000800000000)
  eden space 67584K, 0% used [0x00000007d5680000,0x00000007d5680000,0x00000007d9880000)
  from space 5120K, 99% used [0x00000007d9d80000,0x00000007da27a608,0x00000007da280000)
  to   space 5120K, 0% used [0x00000007d9880000,0x00000007d9880000,0x00000007d9d80000)
 ParOldGen       total 87040K, used 2635K [0x0000000780400000, 0x0000000785900000, 0x00000007d5680000)
  object space 87040K, 3% used [0x0000000780400000,0x0000000780692d00,0x0000000785900000)
 PSPermGen       total 21504K, used 12077K [0x000000077b200000, 0x000000077c700000, 0x0000000780400000)
  object space 21504K, 56% used [0x000000077b200000,0x000000077bdcb738,0x000000077c700000)
}
Event: 4.646 GC heap before
{Heap before GC invocations=3 (full 0):
 PSYoungGen      total 72704K, used 72681K [0x00000007d5680000, 0x00000007da280000, 0x0000000800000000)
  eden space 67584K, 100% used [0x00000007d5680000,0x00000007d9880000,0x00000007d9880000)
  from space 5120K, 99% used [0x00000007d9d80000,0x00000007da27a608,0x00000007da280000)
  to   space 5120K, 0% used [0x00000007d9880000,0x00000007d9880000,0x00000007d9d80000)
 ParOldGen       total 87040K, used 2635K [0x0000000780400000, 0x0000000785900000, 0x00000007d5680000)
  object space 87040K, 3% used [0x0000000780400000,0x0000000780692d00,0x0000000785900000)
 PSPermGen       total 21504K, used 19037K [0x000000077b200000, 0x000000077c700000, 0x0000000780400000)
  object space 21504K, 88% used [0x000000077b200000,0x000000077c4977d8,0x000000077c700000)
Event: 4.668 GC heap after
Heap after GC invocations=3 (full 0):
 PSYoungGen      total 72704K, used 5114K [0x00000007d5680000, 0x00000007de480000, 0x0000000800000000)
  eden space 67584K, 0% used [0x00000007d5680000,0x00000007d5680000,0x00000007d9880000)
  from space 5120K, 99% used [0x00000007d9880000,0x00000007d9d7eab8,0x00000007d9d80000)
  to   space 5120K, 0% used [0x00000007ddf80000,0x00000007ddf80000,0x00000007de480000)
 ParOldGen       total 87040K, used 10168K [0x0000000780400000, 0x0000000785900000, 0x00000007d5680000)
  object space 87040K, 11% used [0x0000000780400000,0x0000000780dee008,0x0000000785900000)
 PSPermGen       total 21504K, used 19037K [0x000000077b200000, 0x000000077c700000, 0x0000000780400000)
  object space 21504K, 88% used [0x000000077b200000,0x000000077c4977d8,0x000000077c700000)
}
Event: 5.585 GC heap before
{Heap before GC invocations=4 (full 0):
 PSYoungGen      total 72704K, used 72698K [0x00000007d5680000, 0x00000007de480000, 0x0000000800000000)
  eden space 67584K, 100% used [0x00000007d5680000,0x00000007d9880000,0x00000007d9880000)
  from space 5120K, 99% used [0x00000007d9880000,0x00000007d9d7eab8,0x00000007d9d80000)
  to   space 5120K, 0% used [0x00000007ddf80000,0x00000007ddf80000,0x00000007de480000)
 ParOldGen       total 87040K, used 10168K [0x0000000780400000, 0x0000000785900000, 0x00000007d5680000)
  object space 87040K, 11% used [0x0000000780400000,0x0000000780dee008,0x0000000785900000)
 PSPermGen       total 21504K, used 20657K [0x000000077b200000, 0x000000077c700000, 0x0000000780400000)
  object space 21504K, 96% used [0x000000077b200000,0x000000077c62c540,0x000000077c700000)
Event: 5.602 GC heap after
Heap after GC invocations=4 (full 0):
 PSYoungGen      total 140288K, used 5096K [0x00000007d5680000, 0x00000007de480000, 0x0000000800000000)
  eden space 135168K, 0% used [0x00000007d5680000,0x00000007d5680000,0x00000007dda80000)
  from space 5120K, 99% used [0x00000007ddf80000,0x00000007de47a288,0x00000007de480000)
  to   space 5120K, 0% used [0x00000007dda80000,0x00000007dda80000,0x00000007ddf80000)
 ParOldGen       total 87040K, used 14627K [0x0000000780400000, 0x0000000785900000, 0x00000007d5680000)
  object space 87040K, 16% used [0x0000000780400000,0x0000000781248c10,0x0000000785900000)
 PSPermGen       total 21504K, used 20657K [0x000000077b200000, 0x000000077c700000, 0x0000000780400000)
  object space 21504K, 96% used [0x000000077b200000,0x000000077c62c540,0x000000077c700000)
}
Event: 8.201 GC heap before
{Heap before GC invocations=5 (full 0):
 PSYoungGen      total 140288K, used 140264K [0x00000007d5680000, 0x00000007de480000, 0x0000000800000000)
  eden space 135168K, 100% used [0x00000007d5680000,0x00000007dda80000,0x00000007dda80000)
  from space 5120K, 99% used [0x00000007ddf80000,0x00000007de47a288,0x00000007de480000)
  to   space 5120K, 0% used [0x00000007dda80000,0x00000007dda80000,0x00000007ddf80000)
 ParOldGen       total 87040K, used 14627K [0x0000000780400000, 0x0000000785900000, 0x00000007d5680000)
  object space 87040K, 16% used [0x0000000780400000,0x0000000781248c10,0x0000000785900000)
 PSPermGen       total 27648K, used 27547K [0x000000077b200000, 0x000000077cd00000, 0x0000000780400000)
  object space 27648K, 99% used [0x000000077b200000,0x000000077cce6db8,0x000000077cd00000)
Event: 8.229 GC heap after
Heap after GC invocations=5 (full 0):
 PSYoungGen      total 140288K, used 5096K [0x00000007d5680000, 0x00000007de480000, 0x0000000800000000)
  eden space 135168K, 0% used [0x00000007d5680000,0x00000007d5680000,0x00000007dda80000)
  from space 5120K, 99% used [0x00000007dda80000,0x00000007ddf7a020,0x00000007ddf80000)
  to   space 5120K, 0% used [0x00000007ddf80000,0x00000007ddf80000,0x00000007de480000)
 ParOldGen       total 87040K, used 24937K [0x0000000780400000, 0x0000000785900000, 0x00000007d5680000)
  object space 87040K, 28% used [0x0000000780400000,0x0000000781c5a748,0x0000000785900000)
 PSPermGen       total 27648K, used 27547K [0x000000077b200000, 0x000000077cd00000, 0x0000000780400000)
  object space 27648K, 99% used [0x000000077b200000,0x000000077cce6db8,0x000000077cd00000)
}
Event: 10.601 GC heap before
{Heap before GC invocations=6 (full 0):
 PSYoungGen      total 140288K, used 140264K [0x00000007d5680000, 0x00000007de480000, 0x0000000800000000)
  eden space 135168K, 100% used [0x00000007d5680000,0x00000007dda80000,0x00000007dda80000)
  from space 5120K, 99% used [0x00000007dda80000,0x00000007ddf7a020,0x00000007ddf80000)
  to   space 5120K, 0% used [0x00000007ddf80000,0x00000007ddf80000,0x00000007de480000)
 ParOldGen       total 87040K, used 24937K [0x0000000780400000, 0x0000000785900000, 0x00000007d5680000)
  object space 87040K, 28% used [0x0000000780400000,0x0000000781c5a748,0x0000000785900000)
 PSPermGen       total 33280K, used 33253K [0x000000077b200000, 0x000000077d280000, 0x0000000780400000)
  object space 33280K, 99% used [0x000000077b200000,0x000000077d279778,0x000000077d280000)
Event: 10.629 GC heap after
Heap after GC invocations=6 (full 0):
 PSYoungGen      total 140288K, used 5108K [0x00000007d5680000, 0x00000007de480000, 0x0000000800000000)
  eden space 135168K, 0% used [0x00000007d5680000,0x00000007d5680000,0x00000007dda80000)
  from space 5120K, 99% used [0x00000007ddf80000,0x00000007de47d010,0x00000007de480000)
  to   space 5120K, 0% used [0x00000007dda80000,0x00000007dda80000,0x00000007ddf80000)
 ParOldGen       total 87040K, used 33306K [0x0000000780400000, 0x0000000785900000, 0x00000007d5680000)
  object space 87040K, 38% used [0x0000000780400000,0x0000000782486970,0x0000000785900000)
 PSPermGen       total 33280K, used 33253K [0x000000077b200000, 0x000000077d280000, 0x0000000780400000)
  object space 33280K, 99% used [0x000000077b200000,0x000000077d279778,0x000000077d280000)
}

Deoptimization events (10 events):
Event: 11.116 Thread 0x00000000025aa800 Uncommon trap: reason=class_check action=maybe_recompile pc=0x000000000281a470 method=java.util.regex.Pattern$CharProperty$1.isSatisfiedBy(I)Z @ 5
Event: 11.116 Thread 0x00000000025aa800 Uncommon trap: reason=class_check action=maybe_recompile pc=0x000000000281a460 method=java.util.regex.Pattern$7.isSatisfiedBy(I)Z @ 16
Event: 11.116 Thread 0x00000000025aa800 Uncommon trap: reason=class_check action=maybe_recompile pc=0x000000000281a460 method=java.util.regex.Pattern$7.isSatisfiedBy(I)Z @ 16
Event: 11.116 Thread 0x00000000025aa800 Uncommon trap: reason=class_check action=maybe_recompile pc=0x0000000002817d5c method=java.util.regex.Pattern$CharProperty$1.isSatisfiedBy(I)Z @ 5
Event: 11.116 Thread 0x00000000025aa800 Uncommon trap: reason=class_check action=maybe_recompile pc=0x00000000028ddb48 method=java.util.regex.Pattern$Curly.match0(Ljava/util/regex/Matcher;IILjava/lang/CharSequence;)Z @ 77
Event: 11.116 Thread 0x00000000025aa800 Uncommon trap: reason=class_check action=maybe_recompile pc=0x0000000002817d5c method=java.util.regex.Pattern$CharProperty$1.isSatisfiedBy(I)Z @ 5
Event: 11.116 Thread 0x00000000025aa800 Uncommon trap: reason=class_check action=maybe_recompile pc=0x0000000002817d5c method=java.util.regex.Pattern$CharProperty$1.isSatisfiedBy(I)Z @ 5
Event: 11.116 Thread 0x00000000025aa800 Uncommon trap: reason=class_check action=maybe_recompile pc=0x00000000028ddb48 method=java.util.regex.Pattern$Curly.match0(Ljava/util/regex/Matcher;IILjava/lang/CharSequence;)Z @ 77
Event: 11.279 Thread 0x00000000025aa800 Uncommon trap: reason=bimorphic action=maybe_recompile pc=0x00000000029a0d50 method=java.util.HashMap.putAllForCreate(Ljava/util/Map;)V @ 22
Event: 11.279 Thread 0x00000000025aa800 Uncommon trap: reason=bimorphic action=maybe_recompile pc=0x00000000029a0d50 method=java.util.HashMap.putAllForCreate(Ljava/util/Map;)V @ 22

Internal exceptions (10 events):
Event: 11.609 Thread 0x00000000025aa800 Threw 0x00000007d9bb3150 at C:\re\jdk7u71\1605\hotspot\src\share\vm\prims\jvm.cpp:1281
Event: 11.609 Thread 0x00000000025aa800 Threw 0x00000007d9bc7db0 at C:\re\jdk7u71\1605\hotspot\src\share\vm\prims\jvm.cpp:1281
Event: 11.609 Thread 0x00000000025aa800 Threw 0x00000007d9bc8a60 at C:\re\jdk7u71\1605\hotspot\src\share\vm\prims\jvm.cpp:1281
Event: 11.610 Thread 0x00000000025aa800 Threw 0x00000007d9bdd6c0 at C:\re\jdk7u71\1605\hotspot\src\share\vm\prims\jvm.cpp:1281
Event: 11.610 Thread 0x00000000025aa800 Threw 0x00000007d9bddb18 at C:\re\jdk7u71\1605\hotspot\src\share\vm\classfile\systemDictionary.cpp:185
Event: 11.610 Thread 0x00000000025aa800 Threw 0x00000007d9be1ac0 at C:\re\jdk7u71\1605\hotspot\src\share\vm\prims\jvm.cpp:1281
Event: 11.611 Thread 0x00000000025aa800 Threw 0x00000007d9bf2150 at C:\re\jdk7u71\1605\hotspot\src\share\vm\prims\jvm.cpp:1281
Event: 11.613 Thread 0x00000000025aa800 Threw 0x00000007d9bf2c80 at C:\re\jdk7u71\1605\hotspot\src\share\vm\prims\jvm.cpp:1281
Event: 11.614 Thread 0x00000000025aa800 Threw 0x00000007d9c03310 at C:\re\jdk7u71\1605\hotspot\src\share\vm\prims\jvm.cpp:1281
Event: 11.614 Thread 0x00000000025aa800 Threw 0x00000007d9c03728 at C:\re\jdk7u71\1605\hotspot\src\share\vm\classfile\systemDictionary.cpp:185

Events (10 events):
Event: 11.609 loading class 0x000000000d748ec0
Event: 11.609 loading class 0x000000000d748ec0 done
Event: 11.610 loading class 0x000000000d748ec0
Event: 11.610 loading class 0x000000000d748ec0 done
Event: 11.610 loading class 0x000000000f199200
Event: 11.610 loading class 0x000000000f199200 done
Event: 11.611 loading class 0x000000000f199200
Event: 11.613 loading class 0x000000000f199200 done
Event: 11.614 loading class 0x000000000f199200
Event: 11.614 loading class 0x000000000f199200 done


Dynamic libraries:
0x000000013f610000 - 0x000000013f643000 	H:\JAVA\JAVA JDK\bin\java.exe
0x0000000077bf0000 - 0x0000000077d9c000 	C:\Windows\SYSTEM32\ntdll.dll
0x0000000077830000 - 0x000000007794f000 	C:\Windows\system32\kernel32.dll
0x000007fefdf20000 - 0x000007fefdf8c000 	C:\Windows\system32\KERNELBASE.dll
0x000007fefe2a0000 - 0x000007fefe37b000 	C:\Windows\system32\ADVAPI32.dll
0x000007fefe4e0000 - 0x000007fefe57f000 	C:\Windows\system32\msvcrt.dll
0x000007feffb80000 - 0x000007feffb9f000 	C:\Windows\SYSTEM32\sechost.dll
0x000007feffa50000 - 0x000007feffb7e000 	C:\Windows\system32\RPCRT4.dll
0x00000000775d0000 - 0x00000000776ca000 	C:\Windows\system32\USER32.dll
0x000007feff460000 - 0x000007feff4c7000 	C:\Windows\system32\GDI32.dll
0x000007feffba0000 - 0x000007feffbae000 	C:\Windows\system32\LPK.dll
0x000007feff4d0000 - 0x000007feff59a000 	C:\Windows\system32\USP10.dll
0x000007fefca30000 - 0x000007fefcc24000 	C:\Windows\WinSxS\amd64_microsoft.windows.common-controls_6595b64144ccf1df_6.0.7600.20787_none_e3967e4730ab1731\COMCTL32.dll
0x000007feffd50000 - 0x000007feffdc1000 	C:\Windows\system32\SHLWAPI.dll
0x000007fefe580000 - 0x000007fefe5ae000 	C:\Windows\system32\IMM32.DLL
0x000007fefe5b0000 - 0x000007fefe6b9000 	C:\Windows\system32\MSCTF.dll
0x0000000079230000 - 0x0000000079302000 	H:\JAVA\JAVA JDK\jre\bin\msvcr100.dll
0x000000006ec70000 - 0x000000006f443000 	H:\JAVA\JAVA JDK\jre\bin\server\jvm.dll
0x000007fef10f0000 - 0x000007fef10f9000 	C:\Windows\system32\WSOCK32.dll
0x000007fefe410000 - 0x000007fefe45d000 	C:\Windows\system32\WS2_32.dll
0x000007feff450000 - 0x000007feff458000 	C:\Windows\system32\NSI.dll
0x000007fefe150000 - 0x000007fefe18b000 	C:\Windows\system32\WINMM.dll
0x0000000077dc0000 - 0x0000000077dc7000 	C:\Windows\system32\PSAPI.DLL
0x0000000053320000 - 0x000000005332f000 	H:\JAVA\JAVA JDK\jre\bin\verify.dll
0x000000006d5c0000 - 0x000000006d5e8000 	H:\JAVA\JAVA JDK\jre\bin\java.dll
0x0000000053190000 - 0x00000000531a5000 	H:\JAVA\JAVA JDK\jre\bin\zip.dll
0x000007fefb580000 - 0x000007fefb590000 	F:\IntelliJ IDEA 2016.3.1\bin\breakgen64.dll
0x000000006e970000 - 0x000000006e989000 	H:\JAVA\JAVA JDK\jre\bin\net.dll
0x000007fefd720000 - 0x000007fefd774000 	C:\Windows\system32\mswsock.dll
0x000007fefd710000 - 0x000007fefd717000 	C:\Windows\System32\wship6.dll
0x000000006de30000 - 0x000000006de41000 	H:\JAVA\JAVA JDK\jre\bin\nio.dll
0x00000000571f0000 - 0x00000000571fb000 	H:\JAVA\JAVA JDK\jre\bin\management.dll
0x000007fefc0f0000 - 0x000007fefc105000 	C:\Windows\system32\NLAapi.dll
0x000007fefd5a0000 - 0x000007fefd5fb000 	C:\Windows\system32\DNSAPI.dll
0x000007fefa260000 - 0x000007fefa26b000 	C:\Windows\System32\winrnr.dll
0x000007fefa240000 - 0x000007fefa255000 	C:\Windows\system32\napinsp.dll
0x000007fefa060000 - 0x000007fefa079000 	C:\Windows\system32\pnrpnsp.dll
0x000007fefd040000 - 0x000007fefd047000 	C:\Windows\System32\wshtcpip.dll
0x000007fefb4c0000 - 0x000007fefb4e7000 	C:\Windows\system32\IPHLPAPI.DLL
0x000007fefb4b0000 - 0x000007fefb4bb000 	C:\Windows\system32\WINNSI.DLL
0x000007fef8f20000 - 0x000007fef8f28000 	C:\Windows\system32\rasadhlp.dll
0x000007fefb300000 - 0x000007fefb353000 	C:\Windows\System32\fwpuclnt.dll

VM Arguments:
jvm_args: -ea -Didea.launcher.port=7539 -Didea.launcher.bin.path=F:\IntelliJ IDEA 2016.3.1\bin -Dfile.encoding=UTF-8 
java_command: com.intellij.rt.execution.application.AppMain com.intellij.rt.execution.junit.JUnitStarter -ideVersion5 com.paic.loancloud.sms.service.SmsDemoServiceTest,queryListSmsDemoDao
Launcher Type: SUN_STANDARD

Environment Variables:
JAVA_HOME=H:\JAVA\JAVA JDK
PATH=H:\JAVA\Sqlite;H:\JAVA\JAVA JDK;C:\Program Files (x86)\AMD APP\bin\x86_64;C:\Program Files (x86)\AMD APP\bin;G:\Nox\bin;C:\Program Files (x86)\ATI Technologies\ATI.ACE\Core-Static;H:\JAVA\安卓JDK;C;\Program Files\Java\jre7;G:\xiangmu\cmd;F:\apache-maven-3.0.5\apache-maven-3.0.5/bin;H:\JAVA\JAVA JDK\bin;C:\Program Files (x86)\Windows Kits\8.0\Windows Performance Toolkit\;C:\Program Files\Microsoft SQL Server\110\Tools\Binn\;F:\万野\JavaEE软件包\java小组\VPN\本地\VisualSVN Server\bin;F:\svn\SvnWorkspace\bin;F:\apache-cxf-2.7.11\bin
USERNAME=sunjian
OS=Windows_NT
PROCESSOR_IDENTIFIER=Intel64 Family 6 Model 42 Stepping 7, GenuineIntel



---------------  S Y S T E M  ---------------

OS: Windows 7 , 64 bit Build 7600 

CPU:total 4 (2 cores per cpu, 2 threads per core) family 6 model 42 stepping 7, cmov, cx8, fxsr, mmx, sse, sse2, sse3, ssse3, sse4.1, sse4.2, popcnt, ht, tsc, tscinvbit

Memory: 4k page, physical 8364160k(1091272k free), swap 8874256k(6364k free)

vm_info: Java HotSpot(TM) 64-Bit Server VM (24.71-b01) for windows-amd64 JRE (1.7.0_71-b14), built on Sep 26 2014 16:16:12 by "java_re" with unknown MS VC++:1600

time: Sat Apr 01 13:42:16 2017
elapsed time: 11 seconds

